<?xml version="1.0" encoding="UTF-8"?>
<!-- Generated by org.testng.reporters.JUnitXMLReporter -->
<testsuite hostname="MTVL142ab8b09.local" name="Default test" tests="1" failures="1" timestamp="9 May 2016 19:59:51 GMT" time="17.887" errors="0">
  <testcase name="testAddBill" time="17.768" classname="com.intuit.ipp.services.QBODataServiceTest">
    <failure type="com.intuit.ipp.exception.FMSException" message="ERROR CODE:2010, ERROR MESSAGE:Request has invalid or unsupported property, ERROR DETAIL:Property Name:Can not construct instance of com.intuit.schema.finance.v3.AccountClassific specified is unsupported or invalid
">
      <![CDATA[com.intuit.ipp.exception.FMSException: ERROR CODE:2010, ERROR MESSAGE:Request has invalid or unsupported property, ERROR DETAIL:Property Name:Can not construct instance of com.intuit.schema.finance.v3.AccountClassific specified is unsupported or invalid

	at com.intuit.ipp.interceptors.HandleResponseInterceptor.execute(HandleResponseInterceptor.java:98)
	at com.intuit.ipp.interceptors.IntuitInterceptorProvider.executeResponseInterceptors(IntuitInterceptorProvider.java:94)
	at com.intuit.ipp.interceptors.IntuitInterceptorProvider.executeInterceptors(IntuitInterceptorProvider.java:67)
	at com.intuit.ipp.services.DataService.executeInterceptors(DataService.java:126)
	at com.intuit.ipp.services.DataService.add(DataService.java:115)
	at com.intuit.ipp.services.QBODataServiceTest.createLiabilityBankAccount(QBODataServiceTest.java:155)
	at com.intuit.ipp.services.QBODataServiceTest.getLiabilityBankAccount(QBODataServiceTest.java:108)
	at com.intuit.ipp.services.QBODataServiceTest.testAddBill(QBODataServiceTest.java:191)
	at sun.reflect.NativeMethodAccessorImpl.invoke0(Native Method)
	at java.lang.reflect.Method.invoke(Method.java:498)
]]>
    </failure>
  </testcase> <!-- testAddBill -->
</testsuite> <!-- Default test -->
